0 info it worked if it ends with ok
1 verbose cli [ 'F:\\nodejs\\node.exe',
1 verbose cli   'F:\\nodejs\\node_modules\\npm\\bin\\npm-cli.js',
1 verbose cli   'run-script',
1 verbose cli   'lint' ]
2 info using npm@2.15.1
3 info using node@v4.4.3
4 verbose run-script [ 'prelint', 'lint', 'postlint' ]
5 info prelint redux@1.0.0
6 info lint redux@1.0.0
7 verbose unsafe-perm in lifecycle true
8 info redux@1.0.0 Failed to exec lint script
9 verbose stack Error: redux@1.0.0 lint: `eslint src/server/server.js src/client/client.js src/containers src/reducers`
9 verbose stack Exit status 1
9 verbose stack     at EventEmitter.<anonymous> (F:\nodejs\node_modules\npm\lib\utils\lifecycle.js:217:16)
9 verbose stack     at emitTwo (events.js:87:13)
9 verbose stack     at EventEmitter.emit (events.js:172:7)
9 verbose stack     at ChildProcess.<anonymous> (F:\nodejs\node_modules\npm\lib\utils\spawn.js:24:14)
9 verbose stack     at emitTwo (events.js:87:13)
9 verbose stack     at ChildProcess.emit (events.js:172:7)
9 verbose stack     at maybeClose (internal/child_process.js:827:16)
9 verbose stack     at Process.ChildProcess._handle.onexit (internal/child_process.js:211:5)
10 verbose pkgid redux@1.0.0
11 verbose cwd C:\Users\Julian\workspace\redux
12 error Windows_NT 10.0.14393
13 error argv "F:\\nodejs\\node.exe" "F:\\nodejs\\node_modules\\npm\\bin\\npm-cli.js" "run-script" "lint"
14 error node v4.4.3
15 error npm  v2.15.1
16 error code ELIFECYCLE
17 error redux@1.0.0 lint: `eslint src/server/server.js src/client/client.js src/containers src/reducers`
17 error Exit status 1
18 error Failed at the redux@1.0.0 lint script 'eslint src/server/server.js src/client/client.js src/containers src/reducers'.
18 error This is most likely a problem with the redux package,
18 error not with npm itself.
18 error Tell the author that this fails on your system:
18 error     eslint src/server/server.js src/client/client.js src/containers src/reducers
18 error You can get information on how to open an issue for this project with:
18 error     npm bugs redux
18 error Or if that isn't available, you can get their info via:
18 error
18 error     npm owner ls redux
18 error There is likely additional logging output above.
19 verbose exit [ 1, true ]
